[    0.000000] Linux version 4.15.0-147-generic (buildd@lcy01-amd64-028) (gcc version 7.5.0 (Ubuntu 7.5.0-3ubuntu1~18.04)) #151-Ubuntu SMP Fri Jun 18 19:21:19 UTC 2021 (Ubuntu 4.15.0-147.151-generic 4.15.18)
[    0.000000] Command line: BOOT_IMAGE=/boot/vmlinuz-4.15.0-147-generic root=LABEL=cloudimg-rootfs ro console=tty1 console=ttyS0
[    0.000000] KERNEL supported cpus:
[    0.000000]   Intel GenuineIntel
[    0.000000]   AMD AuthenticAMD
[    0.000000]   Centaur CentaurHauls
[    0.000000] x86/fpu: Supporting XSAVE feature 0x001: 'x87 floating point registers'
[    0.000000] x86/fpu: Supporting XSAVE feature 0x002: 'SSE registers'
[    0.000000] x86/fpu: Supporting XSAVE feature 0x004: 'AVX registers'
[    0.000000] x86/fpu: xstate_offset[2]:  576, xstate_sizes[2]:  256
[    0.000000] x86/fpu: Enabled xstate features 0x7, context size is 832 bytes, using 'standard' format.
[    0.000000] e820: BIOS-provided physical RAM map:
[    0.000000] BIOS-e820: [mem 0x0000000000000000-0x000000000009fbff] usable
[    0.000000] BIOS-e820: [mem 0x000000000009fc00-0x000000000009ffff] reserved
[    0.000000] BIOS-e820: [mem 0x00000000000f0000-0x00000000000fffff] reserved
[    0.000000] BIOS-e820: [mem 0x0000000000100000-0x000000003ffeffff] usable
[    0.000000] BIOS-e820: [mem 0x000000003fff0000-0x000000003fffffff] ACPI data
[    0.000000] BIOS-e820: [mem 0x00000000fec00000-0x00000000fec00fff] reserved
[    0.000000] BIOS-e820: [mem 0x00000000fee00000-0x00000000fee00fff] reserved
[    0.000000] BIOS-e820: [mem 0x00000000fffc0000-0x00000000ffffffff] reserved
[    0.000000] NX (Execute Disable) protection: active
[    0.000000] SMBIOS 2.5 present.
[    0.000000] DMI: innotek GmbH VirtualBox/VirtualBox, BIOS VirtualBox 12/01/2006
[    0.000000] Hypervisor detected: KVM
[    0.000000] e820: last_pfn = 0x3fff0 max_arch_pfn = 0x400000000
[    0.000000] MTRR: Disabled
[    0.000000] x86/PAT: MTRRs disabled, skipping PAT initialization too.
[    0.000000] CPU MTRRs all blank - virtualized system.
[    0.000000] x86/PAT: Configuration [0-7]: WB  WT  UC- UC  WB  WT  UC- UC  
[    0.000000] found SMP MP-table at [mem 0x0009fff0-0x0009ffff]
[    0.000000] Scanning 1 areas for low memory corruption
[    0.000000] RAMDISK: [mem 0x359d1000-0x36cdffff]
[    0.000000] ACPI: Early table checksum verification disabled
[    0.000000] ACPI: RSDP 0x00000000000E0000 000024 (v02 VBOX  )
[    0.000000] ACPI: XSDT 0x000000003FFF0030 00003C (v01 VBOX   VBOXXSDT 00000001 ASL  00000061)
[    0.000000] ACPI: FACP 0x000000003FFF00F0 0000F4 (v04 VBOX   VBOXFACP 00000001 ASL  00000061)
[    0.000000] ACPI: DSDT 0x000000003FFF0470 002325 (v02 VBOX   VBOXBIOS 00000002 INTL 20120111)
[    0.000000] ACPI: FACS 0x000000003FFF0200 000040
[    0.000000] ACPI: FACS 0x000000003FFF0200 000040
[    0.000000] ACPI: APIC 0x000000003FFF0240 00005C (v02 VBOX   VBOXAPIC 00000001 ASL  00000061)
[    0.000000] ACPI: SSDT 0x000000003FFF02A0 0001CC (v01 VBOX   VBOXCPUT 00000002 INTL 20120111)
[    0.000000] ACPI: Reserving FACP table memory at [mem 0x3fff00f0-0x3fff01e3]
[    0.000000] ACPI: Reserving DSDT table memory at [mem 0x3fff0470-0x3fff2794]
[    0.000000] ACPI: Reserving FACS table memory at [mem 0x3fff0200-0x3fff023f]
[    0.000000] ACPI: Reserving FACS table memory at [mem 0x3fff0200-0x3fff023f]
[    0.000000] ACPI: Reserving APIC table memory at [mem 0x3fff0240-0x3fff029b]
[    0.000000] ACPI: Reserving SSDT table memory at [mem 0x3fff02a0-0x3fff046b]
[    0.000000] No NUMA configuration found
[    0.000000] Faking a node at [mem 0x0000000000000000-0x000000003ffeffff]
[    0.000000] NODE_DATA(0) allocated [mem 0x3ffc5000-0x3ffeffff]
[    0.000000] kvm-clock: cpu 0, msr 0:3ff44001, primary cpu clock
[    0.000000] kvm-clock: Using msrs 4b564d01 and 4b564d00
[    0.000000] kvm-clock: using sched offset of 4118037421 cycles
[    0.000000] clocksource: kvm-clock: mask: 0xffffffffffffffff max_cycles: 0x1cd42e4dffb, max_idle_ns: 881590591483 ns
[    0.000000] Zone ranges:
[    0.000000]   DMA      [mem 0x0000000000001000-0x0000000000ffffff]
[    0.000000]   DMA32    [mem 0x0000000001000000-0x000000003ffeffff]
[    0.000000]   Normal   empty
[    0.000000]   Device   empty
[    0.000000] Movable zone start for each node
[    0.000000] Early memory node ranges
[    0.000000]   node   0: [mem 0x0000000000001000-0x000000000009efff]
[    0.000000]   node   0: [mem 0x0000000000100000-0x000000003ffeffff]
[    0.000000] Reserved but unavailable: 104 pages
[    0.000000] Initmem setup node 0 [mem 0x0000000000001000-0x000000003ffeffff]
[    0.000000] ACPI: PM-Timer IO Port: 0x4008
[    0.000000] IOAPIC[0]: apic_id 2, version 32, address 0xfec00000, GSI 0-23
[    0.000000] ACPI: INT_SRC_OVR (bus 0 bus_irq 0 global_irq 2 dfl dfl)
[    0.000000] ACPI: INT_SRC_OVR (bus 0 bus_irq 9 global_irq 9 low level)
[    0.000000] Using ACPI (MADT) for SMP configuration information
[    0.000000] smpboot: Allowing 2 CPUs, 0 hotplug CPUs
[    0.000000] PM: Registered nosave memory: [mem 0x00000000-0x00000fff]
[    0.000000] PM: Registered nosave memory: [mem 0x0009f000-0x0009ffff]
[    0.000000] PM: Registered nosave memory: [mem 0x000a0000-0x000effff]
[    0.000000] PM: Registered nosave memory: [mem 0x000f0000-0x000fffff]
[    0.000000] e820: [mem 0x40000000-0xfebfffff] available for PCI devices
[    0.000000] Booting paravirtualized kernel on KVM
[    0.000000] clocksource: refined-jiffies: mask: 0xffffffff max_cycles: 0xffffffff, max_idle_ns: 7645519600211568 ns
[    0.000000] random: get_random_bytes called from start_kernel+0x99/0x500 with crng_init=0
[    0.000000] setup_percpu: NR_CPUS:8192 nr_cpumask_bits:2 nr_cpu_ids:2 nr_node_ids:1
[    0.000000] percpu: Embedded 45 pages/cpu s147456 r8192 d28672 u1048576
[    0.000000] PV qspinlock hash table entries: 256 (order: 0, 4096 bytes)
[    0.000000] Built 1 zonelists, mobility grouping on.  Total pages: 257913
[    0.000000] Policy zone: DMA32
[    0.000000] Kernel command line: BOOT_IMAGE=/boot/vmlinuz-4.15.0-147-generic root=LABEL=cloudimg-rootfs ro console=tty1 console=ttyS0
[    0.000000] Memory: 982720K/1048120K available (12300K kernel code, 2483K rwdata, 4320K rodata, 2448K init, 2724K bss, 65400K reserved, 0K cma-reserved)
[    0.000000] SLUB: HWalign=64, Order=0-3, MinObjects=0, CPUs=2, Nodes=1
[    0.000000] Kernel/User page tables isolation: enabled
[    0.000000] ftrace: allocating 39457 entries in 155 pages
[    0.004000] Hierarchical RCU implementation.
[    0.004000] 	RCU restricting CPUs from NR_CPUS=8192 to nr_cpu_ids=2.
[    0.004000] 	Tasks RCU enabled.
[    0.004000] RCU: Adjusting geometry for rcu_fanout_leaf=16, nr_cpu_ids=2
[    0.004000] NR_IRQS: 524544, nr_irqs: 440, preallocated irqs: 16
[    0.004000] Console: colour VGA+ 80x25
[    0.004000] console [tty1] enabled
[    0.004000] console [ttyS0] enabled
[    0.004000] ACPI: Core revision 20170831
[    0.004000] ACPI: 2 ACPI AML tables successfully acquired and loaded
[    0.004000] APIC: Switch to symmetric I/O mode setup
[    0.004000] x2apic enabled
[    0.004000] Switched APIC routing to physical x2apic.
[    0.004000] ..TIMER: vector=0x30 apic1=0 pin1=2 apic2=-1 pin2=-1
[    0.004004] tsc: Detected 1996.799 MHz processor
[    0.004867] Calibrating delay loop (skipped) preset value.. 3993.59 BogoMIPS (lpj=7987196)
[    0.005441] pid_max: default: 32768 minimum: 301
[    0.006291] Security Framework initialized
[    0.008002] Yama: becoming mindful.
[    0.008656] AppArmor: AppArmor initialized
[    0.012017] Dentry cache hash table entries: 131072 (order: 8, 1048576 bytes)
[    0.013351] Inode-cache hash table entries: 65536 (order: 7, 524288 bytes)
[    0.014558] Mount-cache hash table entries: 2048 (order: 2, 16384 bytes)
[    0.016004] Mountpoint-cache hash table entries: 2048 (order: 2, 16384 bytes)
[    0.017516] Last level iTLB entries: 4KB 0, 2MB 0, 4MB 0
[    0.018483] Last level dTLB entries: 4KB 0, 2MB 0, 4MB 0, 1GB 0
[    0.019508] Spectre V1 : Mitigation: usercopy/swapgs barriers and __user pointer sanitization
[    0.020003] Spectre V2 : Mitigation: Full generic retpoline
[    0.020984] Spectre V2 : Spectre v2 / SpectreRSB mitigation: Filling RSB on context switch
[    0.022406] Speculative Store Bypass: Vulnerable
[    0.024047] MDS: Mitigation: Clear CPU buffers
[    0.025015] Freeing SMP alternatives memory: 36K
[    0.136788] smpboot: CPU0: Intel(R) Core(TM) i5-1038NG7 CPU @ 2.00GHz (family: 0x6, model: 0x7e, stepping: 0x5)
[    0.140000] Performance Events: unsupported p6 CPU model 126 no PMU driver, software events only.
[    0.140033] Hierarchical SRCU implementation.
[    0.141491] NMI watchdog: Perf event create on CPU 0 failed with -2
[    0.142609] NMI watchdog: Perf NMI watchdog permanently disabled
[    0.144045] smp: Bringing up secondary CPUs ...
[    0.144951] x86: Booting SMP configuration:
[    0.145731] .... node  #0, CPUs:      #1
[    0.004000] kvm-clock: cpu 1, msr 0:3ff44041, secondary cpu clock
[    0.151099] smp: Brought up 1 node, 2 CPUs
[    0.151099] smpboot: Max logical packages: 1
[    0.152007] smpboot: Total of 2 processors activated (7987.19 BogoMIPS)
[    0.153277] devtmpfs: initialized
[    0.153277] x86/mm: Memory block size: 128MB
[    0.153599] evm: security.selinux
[    0.156004] evm: security.SMACK64
[    0.156879] evm: security.SMACK64EXEC
[    0.157545] evm: security.SMACK64TRANSMUTE
[    0.158280] evm: security.SMACK64MMAP
[    0.158969] evm: security.apparmor
[    0.159600] evm: security.ima
[    0.160003] evm: security.capability
[    0.160693] clocksource: jiffies: mask: 0xffffffff max_cycles: 0xffffffff, max_idle_ns: 7645041785100000 ns
[    0.161710] futex hash table entries: 512 (order: 3, 32768 bytes)
[    0.164053] pinctrl core: initialized pinctrl subsystem
[    0.167295] RTC time: 11:19:58, date: 08/12/21
[    0.168161] NET: Registered protocol family 16
[    0.169054] audit: initializing netlink subsys (disabled)
[    0.170033] audit: type=2000 audit(1628767204.424:1): state=initialized audit_enabled=0 res=1
[    0.172012] cpuidle: using governor ladder
[    0.172780] cpuidle: using governor menu
[    0.173541] ACPI: bus type PCI registered
[    0.174365] acpiphp: ACPI Hot Plug PCI Controller Driver version: 0.5
[    0.176020] PCI: Using configuration type 1 for base access
[    0.177132] HugeTLB registered 2.00 MiB page size, pre-allocated 0 pages
[    0.177272] ACPI: Added _OSI(Module Device)
[    0.180004] ACPI: Added _OSI(Processor Device)
[    0.180817] ACPI: Added _OSI(3.0 _SCP Extensions)
[    0.181668] ACPI: Added _OSI(Processor Aggregator Device)
[    0.182660] ACPI: Added _OSI(Linux-Dell-Video)
[    0.183489] ACPI: Added _OSI(Linux-Lenovo-NV-HDMI-Audio)
[    0.184003] ACPI: Added _OSI(Linux-HPI-Hybrid-Graphics)
[    0.185260] ACPI: Executed 1 blocks of module-level executable AML code
[    0.190018] ACPI: Interpreter enabled
[    0.190790] ACPI: (supports S0 S5)
[    0.192004] ACPI: Using IOAPIC for interrupt routing
[    0.193091] PCI: Using host bridge windows from ACPI; if necessary, use "pci=nocrs" and report a bug
[    0.195230] ACPI: Enabled 2 GPEs in block 00 to 07
[    0.201345] ACPI: PCI Root Bridge [PCI0] (domain 0000 [bus 00-ff])
[    0.202455] acpi PNP0A03:00: _OSC: OS supports [ASPM ClockPM Segments MSI]
[    0.204208] acpi PNP0A03:00: _OSC: not requesting OS control; OS requires [ExtendedConfig ASPM ClockPM MSI]
[    0.205904] acpi PNP0A03:00: fail to add MMCONFIG information, can't access extended PCI configuration space under this bridge.
[    0.208408] PCI host bridge to bus 0000:00
[    0.209165] pci_bus 0000:00: root bus resource [io  0x0000-0x0cf7 window]
[    0.210341] pci_bus 0000:00: root bus resource [io  0x0d00-0xffff window]
[    0.212002] pci_bus 0000:00: root bus resource [mem 0x000a0000-0x000bffff window]
[    0.213349] pci_bus 0000:00: root bus resource [mem 0x40000000-0xfdffffff window]
[    0.215193] pci_bus 0000:00: root bus resource [bus 00-ff]
[    0.218518] pci 0000:00:01.1: legacy IDE quirk: reg 0x10: [io  0x01f0-0x01f7]
[    0.219865] pci 0000:00:01.1: legacy IDE quirk: reg 0x14: [io  0x03f6]
[    0.220005] pci 0000:00:01.1: legacy IDE quirk: reg 0x18: [io  0x0170-0x0177]
[    0.221289] pci 0000:00:01.1: legacy IDE quirk: reg 0x1c: [io  0x0376]
[    0.238129] pci 0000:00:07.0: quirk: [io  0x4000-0x403f] claimed by PIIX4 ACPI
[    0.239547] pci 0000:00:07.0: quirk: [io  0x4100-0x410f] claimed by PIIX4 SMB
[    0.246943] ACPI: PCI Interrupt Link [LNKA] (IRQs 5 9 10 *11)
[    0.248339] ACPI: PCI Interrupt Link [LNKB] (IRQs 5 9 *10 11)
[    0.249514] ACPI: PCI Interrupt Link [LNKC] (IRQs 5 *9 10 11)
[    0.250696] ACPI: PCI Interrupt Link [LNKD] (IRQs 5 9 10 *11)
[    0.252431] SCSI subsystem initialized
[    0.253206] pci 0000:00:02.0: vgaarb: setting as boot VGA device
[    0.253206] pci 0000:00:02.0: vgaarb: VGA device added: decodes=io+mem,owns=io+mem,locks=none
[    0.256012] pci 0000:00:02.0: vgaarb: bridge control possible
[    0.257148] vgaarb: loaded
[    0.257967] ACPI: bus type USB registered
[    0.258774] usbcore: registered new interface driver usbfs
[    0.260020] usbcore: registered new interface driver hub
[    0.261032] usbcore: registered new device driver usb
[    0.262086] EDAC MC: Ver: 3.0.0
[    0.262086] PCI: Using ACPI for IRQ routing
[    0.264322] NetLabel: Initializing
[    0.265033] NetLabel:  domain hash size = 128
[    0.265945] NetLabel:  protocols = UNLABELED CIPSOv4 CALIPSO
[    0.267110] NetLabel:  unlabeled traffic allowed by default
[    0.268072] clocksource: Switched to clocksource kvm-clock
[    0.283829] VFS: Disk quotas dquot_6.6.0
[    0.284680] VFS: Dquot-cache hash table entries: 512 (order 0, 4096 bytes)
[    0.285960] AppArmor: AppArmor Filesystem Enabled
[    0.286867] pnp: PnP ACPI init
[    0.288660] pnp: PnP ACPI: found 3 devices
[    0.297027] clocksource: acpi_pm: mask: 0xffffff max_cycles: 0xffffff, max_idle_ns: 2085701024 ns
[    0.298681] NET: Registered protocol family 2
[    0.299678] TCP established hash table entries: 8192 (order: 4, 65536 bytes)
[    0.301048] TCP bind hash table entries: 8192 (order: 5, 131072 bytes)
[    0.304306] TCP: Hash tables configured (established 8192 bind 8192)
[    0.305591] UDP hash table entries: 512 (order: 2, 16384 bytes)
[    0.306648] UDP-Lite hash table entries: 512 (order: 2, 16384 bytes)
[    0.307801] NET: Registered protocol family 1
[    0.308636] pci 0000:00:00.0: Limiting direct PCI/PCI transfers
[    0.309695] pci 0000:00:01.0: Activating ISA DMA hang workarounds
[    0.310840] pci 0000:00:02.0: Video device with shadowed ROM at [mem 0x000c0000-0x000dffff]
[    0.312520] Unpacking initramfs...
[    0.627740] Freeing initrd memory: 19516K
[    0.629219] clocksource: tsc: mask: 0xffffffffffffffff max_cycles: 0x3990bc5adef, max_idle_ns: 881590438240 ns
[    0.631852] platform rtc_cmos: registered platform RTC device (no PNP device found)
[    0.633353] Scanning for low memory corruption every 60 seconds
[    0.635148] Initialise system trusted keyrings
[    0.635996] Key type blacklist registered
[    0.636834] workingset: timestamp_bits=36 max_order=18 bucket_order=0
[    0.638666] zbud: loaded
[    0.639628] squashfs: version 4.0 (2009/01/31) Phillip Lougher
[    0.640944] fuse init (API version 7.26)
[    0.643520] Key type asymmetric registered
[    0.644363] Asymmetric key parser 'x509' registered
[    0.645278] Block layer SCSI generic (bsg) driver version 0.4 loaded (major 246)
[    0.646671] io scheduler noop registered
[    0.647400] io scheduler deadline registered
[    0.648194] io scheduler cfq registered (default)
[    0.649768] ACPI: AC Adapter [AC] (on-line)
[    0.650591] input: Power Button as /devices/LNXSYSTM:00/LNXPWRBN:00/input/input0
[    0.651969] ACPI: Power Button [PWRF]
[    0.652768] input: Sleep Button as /devices/LNXSYSTM:00/LNXSLPBN:00/input/input1
[    0.654106] ACPI: Sleep Button [SLPF]
[    0.656208] ACPI: Battery Slot [BAT0] (battery present)
[    0.656284] Serial: 8250/16550 driver, 32 ports, IRQ sharing enabled
[    0.679485] 00:02: ttyS0 at I/O 0x3f8 (irq = 4, base_baud = 115200) is a 16550A
[    0.682156] Linux agpgart interface v0.103
[    0.684302] loop: module loaded
[    0.685509] scsi host0: ata_piix
[    0.686221] scsi host1: ata_piix
[    0.686840] ata1: PATA max UDMA/33 cmd 0x1f0 ctl 0x3f6 bmdma 0xd000 irq 14
[    0.688070] ata2: PATA max UDMA/33 cmd 0x170 ctl 0x376 bmdma 0xd008 irq 15
[    0.689882] libphy: Fixed MDIO Bus: probed
[    0.691326] tun: Universal TUN/TAP device driver, 1.6
[    0.692346] PPP generic driver version 2.4.2
[    0.693210] ehci_hcd: USB 2.0 'Enhanced' Host Controller (EHCI) Driver
[    0.694384] ehci-pci: EHCI PCI platform driver
[    0.695195] ehci-platform: EHCI generic platform driver
[    0.696117] ohci_hcd: USB 1.1 'Open' Host Controller (OHCI) Driver
[    0.697259] ohci-pci: OHCI PCI platform driver
[    0.698057] ohci-platform: OHCI generic platform driver
[    0.698976] uhci_hcd: USB Universal Host Controller Interface driver
[    0.700127] i8042: PNP: PS/2 Controller [PNP0303:PS2K,PNP0f03:PS2M] at 0x60,0x64 irq 1,12
[    0.702163] serio: i8042 KBD port at 0x60,0x64 irq 1
[    0.703219] serio: i8042 AUX port at 0x60,0x64 irq 12
[    0.704244] mousedev: PS/2 mouse device common for all mice
[    0.705588] input: AT Translated Set 2 keyboard as /devices/platform/i8042/serio0/input/input2
[    0.707475] rtc_cmos rtc_cmos: rtc core: registered rtc_cmos as rtc0
[    0.708643] rtc_cmos rtc_cmos: alarms up to one day, 114 bytes nvram
[    0.709763] i2c /dev entries driver
[    0.710452] device-mapper: uevent: version 1.0.3
[    0.711310] device-mapper: ioctl: 4.37.0-ioctl (2017-09-20) initialised: dm-devel@redhat.com
[    0.713014] ledtrig-cpu: registered to indicate activity on CPUs
[    0.714564] NET: Registered protocol family 10
[    0.719688] Segment Routing with IPv6
[    0.720646] NET: Registered protocol family 17
[    0.721496] Key type dns_resolver registered
[    0.722456] mce: Using 0 MCE banks
[    0.723100] RAS: Correctable Errors collector initialized.
[    0.724075] sched_clock: Marking stable (722335444, 0)->(882648386, -160312942)
[    0.725758] registered taskstats version 1
[    0.726661] Loading compiled-in X.509 certificates
[    0.730096] Loaded X.509 cert 'Build time autogenerated kernel key: 51fb7d4f1badf96545a23cd59566c79f3f9ecc26'
[    0.732415] Loaded X.509 cert 'Canonical Ltd. Live Patch Signing: 14df34d1a87cf37625abec039ef2bf521249b969'
[    0.734646] Loaded X.509 cert 'Canonical Ltd. Kernel Module Signing: 88f752e560a1e0737e31163a466ad7b70a850c19'
[    0.736579] zswap: loaded using pool lzo/zbud
[    0.740226] Key type big_key registered
[    0.740947] Key type trusted registered
[    0.742882] Key type encrypted registered
[    0.743606] AppArmor: AppArmor sha1 policy hashing enabled
[    0.744624] ima: No TPM chip found, activating TPM-bypass! (rc=-19)
[    0.745716] ima: Allocated hash algorithm: sha1
[    0.746564] evm: HMAC attrs: 0x1
[    0.747413]   Magic number: 1:351:327
[    0.748450] rtc_cmos rtc_cmos: setting system clock to 2021-08-12 11:19:59 UTC (1628767199)
[    0.750270] BIOS EDD facility v0.16 2004-Jun-25, 0 devices found
[    0.751373] EDD information not available.
[    1.172972] Freeing unused kernel image memory: 2448K
[    1.188254] Write protecting the kernel read-only data: 20480k
[    1.191146] Freeing unused kernel image memory: 2008K
[    1.192386] Freeing unused kernel image memory: 1824K
[    1.197912] x86/mm: Checked W+X mappings: passed, no W+X pages found.
[    1.199292] x86/mm: Checking user space page tables
[    1.204371] x86/mm: Checked W+X mappings: passed, no W+X pages found.
Loading, please wait...
starting version 237
[    1.258635] e1000: Intel(R) PRO/1000 Network Driver - version 7.3.21-k8-NAPI
[    1.260969] e1000: Copyright (c) 1999-2006 Intel Corporation.
[    1.268023] Fusion MPT base driver 3.04.20
[    1.269756] Copyright (c) 1999-2008 LSI Corporation
[    1.275624] Fusion MPT SPI Host driver 3.04.20
[    1.285878] AVX2 version of gcm_enc/dec engaged.
[    1.287714] AES CTR mode by8 optimization enabled
[    1.480462] input: ImExPS/2 Generic Explorer Mouse as /devices/platform/i8042/serio1/input/input4
[    1.691265] e1000 0000:00:03.0 eth0: (PCI:33MHz:32-bit) 02:c9:26:65:5d:a6
[    1.693297] e1000 0000:00:03.0 eth0: Intel(R) PRO/1000 Network Connection
[    1.697175] e1000 0000:00:03.0 enp0s3: renamed from eth0
[    1.699450] mptbase: ioc0: Initiating bringup
[    3.540700] ioc0: LSI53C1030 A0: Capabilities={Initiator}
[    6.743525] scsi host2: ioc0: LSI53C1030 A0, FwRev=00000000h, Ports=1, MaxQ=256, IRQ=20
[    9.596771] scsi 2:0:0:0: Direct-Access     VBOX     HARDDISK         1.0  PQ: 0 ANSI: 5
[    9.636262] scsi target2:0:0: Beginning Domain Validation
[    9.640809] scsi target2:0:0: Domain Validation skipping write tests
[    9.642206] scsi target2:0:0: Ending Domain Validation
[    9.643339] scsi target2:0:0: asynchronous
[    9.645736] scsi 2:0:1:0: Direct-Access     VBOX     HARDDISK         1.0  PQ: 0 ANSI: 5
[    9.680393] scsi target2:0:1: Beginning Domain Validation
[    9.686081] random: fast init done
[    9.687806] scsi target2:0:1: Domain Validation skipping write tests
[    9.690748] scsi target2:0:1: Ending Domain Validation
[    9.693203] scsi target2:0:1: asynchronous
[    9.697837] random: systemd-udevd: uninitialized urandom read (16 bytes read)
[    9.699125] random: systemd-udevd: uninitialized urandom read (16 bytes read)
[    9.700421] random: systemd-udevd: uninitialized urandom read (16 bytes read)
[    9.702035] sd 2:0:0:0: Attached scsi generic sg0 type 0
[    9.703178] sd 2:0:0:0: [sda] 83886080 512-byte logical blocks: (42.9 GB/40.0 GiB)
[    9.705137] sd 2:0:0:0: [sda] Write Protect is off
[    9.706158] sd 2:0:0:0: [sda] Incomplete mode parameter data
[    9.706312] sd 2:0:1:0: [sdb] 20480 512-byte logical blocks: (10.5 MB/10.0 MiB)
[    9.707434] sd 2:0:0:0: [sda] Assuming drive cache: write through
[    9.708975] sd 2:0:1:0: [sdb] Write Protect is off
[    9.711349] sd 2:0:1:0: Attached scsi generic sg1 type 0
[    9.712454] sd 2:0:1:0: [sdb] Incomplete mode parameter data
[    9.713496] sd 2:0:1:0: [sdb] Assuming drive cache: write through
[    9.717499]  sda: sda1
[    9.717941] sd 2:0:1:0: [sdb] Attached SCSI disk
[    9.719242] sd 2:0:0:0: [sda] Attached SCSI disk
Begin: Loading essential drivers ... [   12.068087] raid6: sse2x1   gen() 13477 MB/s
[   12.117579] raid6: sse2x1   xor()  8417 MB/s
[   12.164096] raid6: sse2x2   gen() 15293 MB/s
[   12.212047] raid6: sse2x2   xor() 10865 MB/s
[   12.260052] raid6: sse2x4   gen() 17477 MB/s
[   12.308607] raid6: sse2x4   xor() 10377 MB/s
[   12.356117] raid6: avx2x1   gen() 25779 MB/s
[   12.404193] raid6: avx2x1   xor() 15532 MB/s
[   12.452088] raid6: avx2x2   gen() 30949 MB/s
[   12.502865] raid6: avx2x2   xor() 22739 MB/s
[   12.552079] raid6: avx2x4   gen() 32065 MB/s
[   12.606246] raid6: avx2x4   xor() 20628 MB/s
[   12.607693] raid6: using algorithm avx2x4 gen() 32065 MB/s
[   12.609429] raid6: .... xor() 20628 MB/s, rmw enabled
[   12.610542] raid6: using avx2x2 recovery algorithm
[   12.612539] xor: automatically using best checksumming function   avx       
[   12.615251] async_tx: api initialized (async)
done.
Begin: Running /scripts/init-premount ... done.
Begin: Mounting root file system ... Begin: Running /scripts/local-top ... done.
Begin: Running /scripts/local-premount ... [   12.661257] Btrfs loaded, crc32c=crc32c-intel
Scanning for Btrfs filesystems
done.
Warning: fsck not present, so skipping root file system
[   12.691426] EXT4-fs (sda1): mounted filesystem with ordered data mode. Opts: (null)
done.
Begin: Running /scripts/local-bottom ... done.
Begin: Running /scripts/init-bottom ... done.
[   12.875538] ip_tables: (C) 2000-2006 Netfilter Core Team
[   12.886374] systemd[1]: systemd 237 running in system mode. (+PAM +AUDIT +SELINUX +IMA +APPARMOR +SMACK +SYSVINIT +UTMP +LIBCRYPTSETUP +GCRYPT +GNUTLS +ACL +XZ +LZ4 +SECCOMP +BLKID +ELFUTILS +KMOD -IDN2 +IDN -PCRE2 default-hierarchy=hybrid)
[   12.890252] systemd[1]: Detected virtualization oracle.
[   12.891220] systemd[1]: Detected architecture x86-64.

Welcome to [1mUbuntu 18.04.5 LTS[0m!

[   12.897429] systemd[1]: Set hostname to <ubuntu>.
[   12.902465] systemd[1]: Initializing machine ID from random generator.
[   12.903684] systemd[1]: Installed transient /etc/machine-id file.
[   13.132022] systemd[1]: Reached target User and Group Name Lookups.
[[0;32m  OK  [0m] Reached target User and Group Name Lookups.
[   13.134188] systemd[1]: Reached target System Time Synchronized.
[[0;32m  OK  [0m] Reached target System Time Synchronized.
[   13.136181] systemd[1]: Started Forward Password Requests to Wall Directory Watch.
[[0;32m  OK  [0m] Started Forward Password Requests to Wall Directory Watch.
[   13.139908] systemd[1]: Created slice User and Session Slice.
[[0;32m  OK  [0m] Created slice User and Session Slice.
[[0;32m  OK  [0m] Set up automount Arbitrary Executab…rmats File System Automount Point.
[[0;32m  OK  [0m] Created slice System Slice.
[[0;32m  OK  [0m] Listening on LVM2 poll daemon socket.
[[0;32m  OK  [0m] Listening on /dev/initctl Compatibility Named Pipe.
[[0;32m  OK  [0m] Listening on fsck to fsckd communication Socket.
[[0;32m  OK  [0m] Listening on Journal Socket.
         Starting Create list of required st…ce nodes for the current kernel...
         Starting Set the console keyboard layout...
[[0;32m  OK  [0m] Listening on Journal Audit Socket.
[[0;32m  OK  [0m] Listening on Network Service Netlink Socket.
         Mounting Kernel Debug File System...
[[0;32m  OK  [0m] Listening on udev Kernel Socket.
[[0;32m  OK  [0m] Created slice system-serial\x2dgetty.slice.
         Mounting POSIX Message Queue File System...
         Starting File System Check on Root Device...
[[0;32m  OK  [0m] Listening on Journal Socket (/dev/log).
[[0;32m  OK  [0m] Listening on udev Control Socket.
[[0;32m  OK  [0m] Listening on Syslog Socket.
         Starting Journal Service...
         Starting Uncomplicated firewall...
[[0;32m  OK  [0m] Listening on Device-mapper event daemon FIFOs.
[[0;32m  OK  [0m] Listening on LVM2 metadata daemon socket.
         Starting Monitoring of LVM2 mirrors…ng dmeventd or progress polling...
         Mounting Huge Pages File System...
         Starting udev Coldplug all Devices...
[[0;32m  OK  [0m] Reached target Slices.
         Starting Load Kernel Modules...
[[0;32m  OK  [0m] Reached target Swap.
[[0;32m  OK  [0m] Started Journal Service.
[[0;32m  OK  [0m] Started Create list of required sta…vice nodes for the current kernel.
[[0;32m  OK  [0m] Mounted Kernel Debug File System.
[[0;32m  OK  [0m] Mounted POSIX Message Queue File System.
[[0;32m  OK  [0m] Started Uncomplicated firewall.
[[0;32m  OK  [0m] Mounted Huge Pages File System.
[[0;32m  OK  [0m] Started LVM2 metadata daemon.
[[0;32m  OK  [0m] Started File System Check Daemon to report status.
         Starting Create Static Device Nodes in /dev...
[   13.289505] Loading iSCSI transport class v2.0-870.
[   13.297739] iscsi: registered transport (tcp)
[[0;32m  OK  [0m] Started udev Coldplug all Devices.
[[0;32m  OK  [0m] Started File System Check on Root Device.
         Starting Remount Root and Kernel File Systems...
[   13.369613] iscsi: registered transport (iser)
[[0;32m  OK  [0m] Started Load Kernel Modules.
         Starting Apply Kernel Variables...
         Mounting FUSE Control File System...
         Mounting Kernel Configuration File System...
[[0;32m  OK  [0m] Mounted Kernel Configuration File System.
[[0;32m  OK  [0m] Mounted FUSE Control File System.
[[0;32m  OK  [0m] Started Create Static Device Nodes in /dev.
[[0;32m  OK  [0m] Started Remount Root and Kernel File Systems.
         Starting udev Kernel Device Manager...
         Starting Load/Save Random Seed...
         Starting Flush Journal to Persistent Storage...
[[0;32m  OK  [0m] Started Monitoring of LVM2 mirrors,…sing dmeventd or progress polling.
[[0;32m  OK  [0m] Started Set the console keyboard layout.
[[0;32m  OK  [0m] Started Apply Kernel Variables.
[[0;32m  OK  [0m] Started Load/Save Random Seed.
[[0;32m  OK  [0m] Reached target Local File Systems (Pre).
[[0;32m  OK  [0m] Reached target Local File Systems.
         Starting AppArmor initialization...
         Starting Set console font and keymap...
         Starting Commit a transient machine-id on disk...
         Starting ebtables ruleset management...
         Starting Tell Plymouth To Write Out Runtime Data...
[[0;32m  OK  [0m] Started Set console font and keymap.
[[0;32m  OK  [0m] Started Tell Plymouth To Write Out Runtime Data.
[[0;32m  OK  [0m] Started udev Kernel Device Manager.
[[0;32m  OK  [0m] Started Dispatch Password Requests to Console Directory Watch.
[[0;32m  OK  [0m] Reached target Local Encrypted Volumes.
[[0;32m  OK  [0m] Started Flush Journal to Persistent Storage.
[[0;32m  OK  [0m] Started Commit a transient machine-id on disk.
         Starting Create Volatile Files and Directories...
[[0;32m  OK  [0m] Started Create Volatile Files and Directories.
         Starting Update UTMP about System Boot/Shutdown...
[[0;32m  OK  [0m] Started ebtables ruleset management.
[[0;32m  OK  [0m] Started Update UTMP about System Boot/Shutdown.
[[0;32m  OK  [0m] Found device /dev/ttyS0.
[[0;32m  OK  [0m] Listening on Load/Save RF Kill Switch Status /dev/rfkill Watch.
[[0;32m  OK  [0m] Started AppArmor initialization.
         Starting Initial cloud-init job (pre-networking)...
         Starting Load AppArmor profiles managed internally by snapd...
[[0;32m  OK  [0m] Started Load AppArmor profiles managed internally by snapd.
[   15.712842] cloud-init[574]: Cloud-init v. 21.2-3-g899bfaa9-0ubuntu2~18.04.1 running 'init-local' at Thu, 12 Aug 2021 11:20:14 +0000. Up 15.38 seconds.
[[0;32m  OK  [0m] Started Initial cloud-init job (pre-networking).
[[0;32m  OK  [0m] Reached target Network (Pre).
         Starting Network Service...
[[0;32m  OK  [0m] Started Network Service.
         Starting Wait for Network to be Configured...
         Starting Network Name Resolution...
[[0;32m  OK  [0m] Started Network Name Resolution.
[[0;32m  OK  [0m] Reached target Network.
[[0;32m  OK  [0m] Reached target Host and Network Name Lookups.
[[0;32m  OK  [0m] Started Wait for Network to be Configured.
         Starting Initial cloud-init job (metadata service crawler)...
[   17.805684] cloud-init[707]: Cloud-init v. 21.2-3-g899bfaa9-0ubuntu2~18.04.1 running 'init' at Thu, 12 Aug 2021 11:20:16 +0000. Up 17.69 seconds.
[   17.807755] cloud-init[707]: ci-info: ++++++++++++++++++++++++++++++++++++++Net device info++++++++++++++++++++++++++++++++++++++
[   17.820446] cloud-init[707]: ci-info: +--------+------+----------------------------+---------------+--------+-------------------+
[   17.822176] cloud-init[707]: ci-info: | Device |  Up  |          Address           |      Mask     | Scope  |     Hw-Address    |
[   17.832396] cloud-init[707]: ci-info: +--------+------+----------------------------+---------------+--------+-------------------+
[   17.833873] cloud-init[707]: ci-info: | enp0s3 | True |         10.0.2.15          | 255.255.255.0 | global | 02:c9:26:65:5d:a6 |
[   17.835508] cloud-init[707]: ci-info: | enp0s3 | True | fe80::c9:26ff:fe65:5da6/64 |       .       |  link  | 02:c9:26:65:5d:a6 |
[   17.837486] cloud-init[707]: ci-info: |   lo   | True |         127.0.0.1          |   255.0.0.0   |  host  |         .         |
[   17.839228] cloud-init[707]: ci-info: |   lo   | True |          ::1/128           |       .       |  host  |         .         |
[   17.840955] cloud-init[707]: ci-info: +--------+------+----------------------------+---------------+--------+-------------------+
[   17.842715] cloud-init[707]: ci-info: ++++++++++++++++++++++++++++Route IPv4 info+++++++++++++++++++++++++++++
[   17.844347] cloud-init[707]: ci-info: +-------+-------------+----------+-----------------+-----------+-------+
[   17.845863] cloud-init[707]: ci-info: | Route | Destination | Gateway  |     Genmask     | Interface | Flags |
[   17.847386] cloud-init[707]: ci-info: +-------+-------------+----------+-----------------+-----------+-------+
[   17.849138] cloud-init[707]: ci-info: |   0   |   0.0.0.0   | 10.0.2.2 |     0.0.0.0     |   enp0s3  |   UG  |
[   17.850598] cloud-init[707]: ci-info: |   1   |   10.0.2.0  | 0.0.0.0  |  255.255.255.0  |   enp0s3  |   U   |
[   17.852102] cloud-init[707]: ci-info: |   2   |   10.0.2.2  | 0.0.0.0  | 255.255.255.255 |   enp0s3  |   UH  |
[   17.864206] cloud-init[707]: ci-info: +-------+-------------+----------+-----------------+-----------+-------+
[   17.865570] cloud-init[707]: ci-info: +++++++++++++++++++Route IPv6 info+++++++++++++++++++
[   17.866751] cloud-init[707]: ci-info: +-------+-------------+---------+-----------+-------+
[   17.867988] cloud-init[707]: ci-info: | Route | Destination | Gateway | Interface | Flags |
[   17.869573] cloud-init[707]: ci-info: +-------+-------------+---------+-----------+-------+
[   17.870859] cloud-init[707]: ci-info: |   1   |  fe80::/64  |    ::   |   enp0s3  |   U   |
[   17.872099] cloud-init[707]: ci-info: |   3   |    local    |    ::   |   enp0s3  |   U   |
[   17.873298] cloud-init[707]: ci-info: |   4   |   ff00::/8  |    ::   |   enp0s3  |   U   |
[   17.874461] cloud-init[707]: ci-info: +-------+-------------+---------+-----------+-------+
[   18.537556] cloud-init[707]: Generating public/private rsa key pair.
[   18.539163] cloud-init[707]: Your identification has been saved in /etc/ssh/ssh_host_rsa_key.
[   18.540867] cloud-init[707]: Your public key has been saved in /etc/ssh/ssh_host_rsa_key.pub.
[   18.542471] cloud-init[707]: The key fingerprint is:
[   18.543427] cloud-init[707]: SHA256:D2plXguBiyQszLvwmGmpXFWi+vhaHZYeCzCXgvy6130 root@ubuntu-bionic
[   18.545109] cloud-init[707]: The key's randomart image is:
[   18.546247] cloud-init[707]: +---[RSA 2048]----+
[   18.547107] cloud-init[707]: |                 |
[   18.548126] cloud-init[707]: |=.  .  .         |
[   18.549127] cloud-init[707]: |oBoo.....        |
[   18.549981] cloud-init[707]: | .Bo..+. .       |
[   18.550962] cloud-init[707]: |.. +.*. S .      |
[   18.551930] cloud-init[707]: |.== * += = .     |
[   18.553007] cloud-init[707]: |+*.o.++ . o      |
[   18.554499] cloud-init[707]: |+ *. o . E       |
[   18.555472] cloud-init[707]: |.=+o    .        |
[   18.556259] cloud-init[707]: +----[SHA256]-----+
[   18.556974] cloud-init[707]: Generating public/private dsa key pair.
[   18.557921] cloud-init[707]: Your identification has been saved in /etc/ssh/ssh_host_dsa_key.
[   18.559142] cloud-init[707]: Your public key has been saved in /etc/ssh/ssh_host_dsa_key.pub.
[   18.560391] cloud-init[707]: The key fingerprint is:
[   18.561126] cloud-init[707]: SHA256:bbKHoHjVK1+PUIHraqyJDmUGNPrbOaG1aUpqKiiIjAU root@ubuntu-bionic
[   18.562754] cloud-init[707]: The key's randomart image is:
[   18.563549] cloud-init[707]: +---[DSA 1024]----+
[   18.564245] cloud-init[707]: | o               |
[   18.582399] cloud-init[707]: |o .      .       |
[   18.583534] cloud-init[707]: |o       . .      |
[   18.585824] cloud-init[707]: |Eo     . o .     |
[   18.586936] cloud-init[707]: | .= o o S +      |
[   18.587764] cloud-init[707]: | +.* B o B       |
[   18.588667] cloud-init[707]: |B.= X.. * o      |
[   18.589349] cloud-init[707]: |B* = oo+ + o     |
[   18.590028] cloud-init[707]: |B.+ oo. . . .    |
[   18.600288] cloud-init[707]: +----[SHA256]-----+
[   18.601073] cloud-init[707]: Generating public/private ecdsa key pair.
[   18.602714] cloud-init[707]: Your identification has been saved in /etc/ssh/ssh_host_ecdsa_key.
[   18.604737] cloud-init[707]: [[0;32m  OK  [0m] Started Initial cloud-init job (metadata service crawler).
[[0;32m  OK  [0m] Reached target Cloud-config availability.
[[0;32m  OK  [0m] Reached target System Initialization.
[[0;32m  OK  [0m] Listening on ACPID Listen Socket.
[[0;32m  OK  [0m] Listening on D-Bus System Message Bus Socket.
[[0;32m  OK  [0m] Listening on UUID daemon activation socket.
[[0;32m  OK  [0m] Started Discard unused blocks once a week.
Your public key has been saved in /etc/ssh/ssh_host_ecdsa_key.pub.
         Starting LXD - unix socket.
[   18.618153] cloud-init[707]: The key fingerprint is:
[[0;32m  OK  [0m] Started ACPI Events Check.
[[0;32m  OK  [0m] Started Daily apt download activities.
[[0;32m  OK  [0m] Started Daily apt upgrade and clean activities.
         Starting Socket activation for snappy daemon.
[[0;32m  OK  [0m] Started Ubuntu Advantage update messaging.
[[0;32m  OK  [0m] Reached target Paths.
[[0;32m  OK  [0m] Started Message of the Day.
[[0;32m  OK  [0m] Listening on Open-iSCSI iscsid Socket.
[[0;32m  OK  [0m] Started Daily Cleanup of Temporary Directories.
[[0;32m  OK  [0m] Reached target Timers.
[[0;32m  OK  [0m] Reached target Network is Online.
[   18.620204] cloud-init[707]: SHA256:L1aGfOHQsEg3k2ukg1IGH36i/zylnVxZ302q1GaB2Mk root@ubuntu-bionic
[   18.631449] cloud-init[707]: The key's randomart image is:
[[0;32m  OK  [0m] Reached target Remote File Systems (Pre).
[[0;32m  OK  [0m] Reached target Remote File Systems.
         Starting Availability of block devices...
[[0;32m  OK  [0m] Listening on LXD - unix socket.
[[0;32m  OK  [0m] Listening on Socket activation for snappy daemon.
[[0;32m  OK  [0m] Reached target Sockets.
[[0;32m  OK  [0m] Reached target Basic System.
[   18.645233] cloud-init[707]: [[0;32m  OK  [0m] Started Deferred execution scheduler.
+---[ECDSA 256]---+[[0;32m  OK  [0m] Started FUSE filesystem for LXC.

[   18.652523] cloud-init[707]: |  ... . =.       |
[   18.653388] cloud-init[707]: |   ooo oo*       |
[   18.654222] cloud-init[707]: |   o+.ooo.o+ o   |
[   18.656140]          Starting Pollinate to seed the pseudo random number generator...
         Starting System Logging Service...
cloud-init[[0;32m  OK  [0m] Started Regular background program processing daemon.
[707]: |  ...oo.o+..E . .|
[   18.662993] cloud-init[707]: |  ..   oS =o o =.|
[   18.664194] cloud-init[707]: [[0;32m  OK  [0m] Started D-Bus System Message Bus.
|   .    .=o . * o|
[   18.667694] cloud-init[707]: |    .  =oo.. +   |
[   18.669295] cloud-init[707]: |     oo.+.  .    |
[   18.684305] cloud-init[707]: |      o.         |
[   18.684908] cloud-init[707]: +----[SHA256]-----+
[   18.696446] cloud-init[707]: Generating public/private ed25519 key pair.
[   18.697974] cloud-init[707]: Your identification has been saved in /etc/ssh/ssh_host_ed25519_key.
[   18.700158] cloud-init[707]: Your public key has been saved in /etc/ssh/ssh_host_ed25519_key.pub.
[   18.701965] cloud-init[707]: The key fingerprint is:
[   18.703286] cloud-init[707]: SHA256:cNdTQt2Fbr/A2Xl6Kp52BydZhZd04SgS5VcOG38Svo0 root@ubuntu-bionic
[   18.704899] cloud-init[707]: The key's randomart image is:
[   18.705834] cloud-init[707]: +--[ED25519 256]--+
[   18.707389] cloud-init[707]: |         ..oo++B*|
[   18.711934] cloud-init[707]: |          o. +&o=|
[   18.713024] cloud-init[707]: |      . ...oo=o=o|
[   18.714002] cloud-init[707]: |       o .. o.o=o|
[   18.715938] cloud-init[707]: |        S   ..E+o|
[   18.717054] cloud-init[707]: |             ++o+|
[   18.718116] cloud-init[707]: |              .=o|
[   18.719315] cloud-init[707]: |            o.o.o|
[   18.720863] cloud-init[707]: |           ooo.+ |
[   18.722663] cloud-init[707]: +----[SHA256]-----+
         Starting Dispatcher daemon for systemd-networkd...
         Starting Snap Daemon...
         Starting LSB: Record successful boot for GRUB...
         Starting LSB: automatic crash report generation...
         Starting Permit User Sessions...
         Starting Virtualbox guest utils...
         Starting Accounts Service...
[[0;32m  OK  [0m] Started irqbalance daemon.
         Starting Login Service...
         Starting LXD - container startup/shutdown...
[[0;32m  OK  [0m] Started System Logging Service.
[[0;32m  OK  [0m] Started Availability of block devices.
[[0;32m  OK  [0m] Started Permit User Sessions.
         Starting Terminate Plymouth Boot Screen...
         Starting Hold until boot process finishes up...
[[0;32m  OK  [0m] Started Hold until boot process finishes up.
[[0;32m  OK  [0m] Started Terminate Plymouth Boot Screen.
[[0;32m  OK  [0m] Started Serial Getty on ttyS0.
         Starting Set console scheme...
[[0;32m  OK  [0m] Started Set console scheme.
[[0;32m  OK  [0m] Created slice system-getty.slice.
[[0;32m  OK  [0m] Started Getty on tty1.
[[0;32m  OK  [0m] Reached target Login Prompts.
         Starting Authorization Manager...
[[0;32m  OK  [0m] Started Login Service.
[[0;32m  OK  [0m] Started Unattended Upgrades Shutdown.
[[0;32m  OK  [0m] Started LSB: automatic crash report generation.
[[0;32m  OK  [0m] Started LSB: Record successful boot for GRUB.
[[0;32m  OK  [0m] Started Virtualbox guest utils.
[[0;32m  OK  [0m] Started LXD - container startup/shutdown.
[[0;32m  OK  [0m] Started Authorization Manager.
[[0;32m  OK  [0m] Started Accounts Service.
[[0;32m  OK  [0m] Started Dispatcher daemon for systemd-networkd.
[[0;32m  OK  [0m] Started Snap Daemon.
         Starting Wait until snapd is fully seeded...
[[0;32m  OK  [0m] Started Pollinate to seed the pseudo random number generator.
         Starting OpenBSD Secure Shell server...
[[0;32m  OK  [0m] Started OpenBSD Secure Shell server.
[[0;32m  OK  [0m] Created slice User Slice of vagrant.
         Starting User Manager for UID 1000...
[[0;32m  OK  [0m] Started Session 1 of user vagrant.
[[0;32m  OK  [0m] Started User Manager for UID 1000.
[[0;32m  OK  [0m] Started Wait until snapd is fully seeded.
[[0;32m  OK  [0m] Reached target Multi-User System.
[[0;32m  OK  [0m] Reached target Graphical Interface.
         Starting Update UTMP about System Runlevel Changes...
         Starting Apply the settings specified in cloud-config...
[[0;32m  OK  [0m] Started Update UTMP about System Runlevel Changes.
[   22.675722] cloud-init[1288]: Cloud-init v. 21.2-3-g899bfaa9-0ubuntu2~18.04.1 running 'modules:config' at Thu, 12 Aug 2021 11:20:20 +0000. Up 21.33 seconds.
[[0;32m  OK  [0m] Started Apply the settings specified in cloud-config.
         Starting Execute cloud user/final scripts...
ci-info: no authorized SSH keys fingerprints found for user ubuntu.
<14>Aug 12 11:20:22 cloud-init: #############################################################
<14>Aug 12 11:20:22 cloud-init: -----BEGIN SSH HOST KEY FINGERPRINTS-----
<14>Aug 12 11:20:22 cloud-init: 1024 SHA256:bbKHoHjVK1+PUIHraqyJDmUGNPrbOaG1aUpqKiiIjAU root@ubuntu-bionic (DSA)
<14>Aug 12 11:20:22 cloud-init: 256 SHA256:L1aGfOHQsEg3k2ukg1IGH36i/zylnVxZ302q1GaB2Mk root@ubuntu-bionic (ECDSA)
<14>Aug 12 11:20:22 cloud-init: 256 SHA256:cNdTQt2Fbr/A2Xl6Kp52BydZhZd04SgS5VcOG38Svo0 root@ubuntu-bionic (ED25519)
<14>Aug 12 11:20:22 cloud-init: 2048 SHA256:D2plXguBiyQszLvwmGmpXFWi+vhaHZYeCzCXgvy6130 root@ubuntu-bionic (RSA)
<14>Aug 12 11:20:22 cloud-init: -----END SSH HOST KEY FINGERPRINTS-----
<14>Aug 12 11:20:22 cloud-init: #############################################################
-----BEGIN SSH HOST KEY KEYS-----
ecdsa-sha2-nistp256 AAAAE2VjZHNhLXNoYTItbmlzdHAyNTYAAAAIbmlzdHAyNTYAAABBBFQukmtNHk5ZwMvieFozVOCdByNn95Ki4xu8upIqKvforGOteOhyNHEO55yusIcAGC1PZINrYqXZspy0aMrCsWI= root@ubuntu-bionic
ssh-ed25519 AAAAC3NzaC1lZDI1NTE5AAAAIAeTOcpvkroEuC2x11OBeSaJR5dlqW+LcpDJaK+sg9xT root@ubuntu-bionic
ssh-rsa AAAAB3NzaC1yc2EAAAADAQABAAABAQDhFsHWKN0bfgjwsajvNhdxejftYG5bCr0AZDfIOkqmg4yFk1bSJaauRpgYpXCUDR5tZgUrZsmrwtppZonuoNn6+7a3V+t5zLon9/+tqVlfPdCOEwFcsqZ61mGgqTd+KvAhXrd5oCpbQA0UmyrQUB0CyskKJAffhOEK2MzcOiGgCDa3W/joYey6yLc4Y7j3qeOkJ2mJChD+sefXcXIAiFyU83WVsc3WalKjGYMcLk9PIjmK/mO1Vpsqt7p0xL0VhNvJgXKYG2Cl4S8F2x4lDNYTWtJzJvQcQDGzJaclr5sJ/NB8086mLtMbfblYhpY4bxePekTedobsvRfwiJ5fWY+f root@ubuntu-bionic
-----END SSH HOST KEY KEYS-----
[   23.333942] cloud-init[1394]: Cloud-init v. 21.2-3-g899bfaa9-0ubuntu2~18.04.1 running 'modules:final' at Thu, 12 Aug 2021 11:20:21 +0000. Up 23.12 seconds.
[   23.336552] cloud-init[1394]: ci-info: no authorized SSH keys fingerprints found for user ubuntu.
[   23.338871] cloud-init[1394]: Cloud-init v. 21.2-3-g899bfaa9-0ubuntu2~18.04.1 finished at Thu, 12 Aug 2021 11:20:22 +0000. Datasource DataSourceNoCloud [seed=/dev/sdb][dsmode=net].  Up 23.32 seconds
[[0;32m  OK  [0m] Started Execute cloud user/final scripts.
[[0;32m  OK  [0m] Reached target Cloud-init target.

Ubuntu 18.04.5 LTS ubuntu-bionic ttyS0

ubuntu-bionic login: 